android/app/build/intermediates/manifest_merge_blame_file/release/processReleaseMainManifest/manifest-merger-blame-release-report.txt
1<?xml version="1.0" encoding="utf-8"?>
2<manifest xmlns:android="http://schemas.android.com/apk/res/android"
3    package="com.example.gsafetytracker"
4    android:versionCode="1"
5    android:versionName="1.0" >
6
7    <uses-sdk
7-->INJECTED
8        android:minSdkVersion="26"
8-->INJECTED
9        android:targetSdkVersion="36" />
9-->INJECTED
10
11    <application
11-->src\main\AndroidManifest.xml:3:5-18:19
12        android:allowBackup="false"
12-->src\main\AndroidManifest.xml:4:9-36
13        android:extractNativeLibs="false"
13-->INJECTED
14        android:icon="@drawable/app_icon"
14-->src\main\AndroidManifest.xml:5:9-42
15        android:label="G Safety Tracker"
15-->src\main\AndroidManifest.xml:6:9-41
16        android:theme="@style/AppTheme"
16-->src\main\AndroidManifest.xml:7:9-40
17        android:usesCleartextTraffic="false" >
17-->src\main\AndroidManifest.xml:8:9-45
18        <activity
18-->src\main\AndroidManifest.xml:9:9-17:20
19            android:name="com.example.gsafetytracker.MainActivity"
19-->src\main\AndroidManifest.xml:10:13-41
20            android:exported="true"
20-->src\main\AndroidManifest.xml:11:13-36
21            android:screenOrientation="portrait" >
21-->src\main\AndroidManifest.xml:12:13-49
22            <intent-filter>
22-->src\main\AndroidManifest.xml:13:13-16:29
23                <action android:name="android.intent.action.MAIN" />
23-->src\main\AndroidManifest.xml:14:17-69
23-->src\main\AndroidManifest.xml:14:25-66
24
25                <category android:name="android.intent.category.LAUNCHER" />
25-->src\main\AndroidManifest.xml:15:17-77
25-->src\main\AndroidManifest.xml:15:27-74
26            </intent-filter>
27        </activity>
28    </application>
29
30</manifest>